Using pre-set license
Built from '2020.3/release' branch; Version is '2020.3.7f1 (dd97f2c94397) revision 14522354'; Using compiler version '192528614'; Build Type 'Release'
OS: 'Windows 10 Home Single Language; OS build 26100.3915; Version 2009; 64bit' Language: 'en' Physical Memory: 15998 MB
BatchMode: 1, IsHumanControllingUs: 0, StartBugReporterOnCrash: 0, Is64bit: 1, IsPro: 0

 COMMAND LINE ARGUMENTS:
C:\Program Files\Unity\Hub\Editor\2020.3.7f1\Editor\Unity.exe
-adb2
-batchMode
-noUpm
-name
AssetImportWorker0
-projectPath
C:/Users/NgoQuocDoanh/OneDrive/Desktop/RPG_Game
-logFile
Logs/AssetImportWorker0.log
-srvPort
62311
Successfully changed project path to: C:/Users/NgoQuocDoanh/OneDrive/Desktop/RPG_Game
C:/Users/NgoQuocDoanh/OneDrive/Desktop/RPG_Game
Using Asset Import Pipeline V2.
Refreshing native plugins compatible for Editor in 25.75 ms, found 1 plugins.
Preloading 0 native plugins for Editor in 0.00 ms.
Initialize engine version: 2020.3.7f1 (dd97f2c94397)
[Subsystems] Discovering subsystems at path C:/Program Files/Unity/Hub/Editor/2020.3.7f1/Editor/Data/Resources/UnitySubsystems
[Subsystems] Discovering subsystems at path C:/Users/NgoQuocDoanh/OneDrive/Desktop/RPG_Game/Assets
GfxDevice: creating device client; threaded=0
Direct3D:
    Version:  Direct3D 11.0 [level 11.1]
    Renderer: NVIDIA GeForce RTX 4050 Laptop GPU (ID=0x28e1)
    Vendor:   
    VRAM:     5921 MB
    Driver:   32.0.15.6607
Initialize mono
Mono path[0] = 'C:/Program Files/Unity/Hub/Editor/2020.3.7f1/Editor/Data/Managed'
Mono path[1] = 'C:/Program Files/Unity/Hub/Editor/2020.3.7f1/Editor/Data/MonoBleedingEdge/lib/mono/unityjit'
Mono config path = 'C:/Program Files/Unity/Hub/Editor/2020.3.7f1/Editor/Data/MonoBleedingEdge/etc'
Using monoOptions --debugger-agent=transport=dt_socket,embedding=1,server=y,suspend=n,address=127.0.0.1:56332
Begin MonoManager ReloadAssembly
Registering precompiled unity dll's ...
Register platform support module: C:/Program Files/Unity/Hub/Editor/2020.3.7f1/Editor/Data/PlaybackEngines/WindowsStandaloneSupport/UnityEditor.WindowsStandalone.Extensions.dll
Registered in 0.001088 seconds.
Native extension for WindowsStandalone target not found
Refreshing native plugins compatible for Editor in 38.26 ms, found 1 plugins.
Preloading 0 native plugins for Editor in 0.00 ms.
Mono: successfully reloaded assembly
- Completed reload, in  0.666 seconds
Platform modules already initialized, skipping
Registering precompiled user dll's ...
Registered in 0.000650 seconds.
Begin MonoManager ReloadAssembly
Native extension for WindowsStandalone target not found
Refreshing native plugins compatible for Editor in 28.40 ms, found 1 plugins.
Preloading 0 native plugins for Editor in 0.00 ms.
Mono: successfully reloaded assembly
- Completed reload, in  0.634 seconds
Platform modules already initialized, skipping
========================================================================
Worker process is ready to serve import requests
Launched and connected shader compiler UnityShaderCompiler.exe after 0.04 seconds
Refreshing native plugins compatible for Editor in 0.48 ms, found 1 plugins.
Preloading 0 native plugins for Editor in 0.00 ms.
Unloading 1871 Unused Serialized files (Serialized files now loaded: 0)
System memory in use before: 88.4 MB.
System memory in use after: 88.5 MB.

Unloading 19 unused Assets to reduce memory usage. Loaded Objects now: 2320.
Total: 1.700400 ms (FindLiveObjects: 0.183000 ms CreateObjectMapping: 0.049700 ms MarkObjects: 1.409900 ms  DeleteObjects: 0.056600 ms)

========================================================================
Received Import Request.
  path: Assets/Main/Script/PlayerController.cs
  artifactKey: Guid(22ae7be5c86600546bcdcac39690d593) Importer(815301076,1909f56bfc062723c751e8b465ee728b)
Start importing Assets/Main/Script/PlayerController.cs using Guid(22ae7be5c86600546bcdcac39690d593) Importer(815301076,1909f56bfc062723c751e8b465ee728b)  -> (artifact id: 'ba262f9669bab68f347f6a27df3f79e9') in 0.046966 seconds
  Import took 0.050529 seconds .

AssetImportWorkerClient::OnTransportError - code=2 error=End of file
